{
  "stats": {
    "suites": 1,
    "tests": 8,
    "passes": 8,
    "pending": 0,
    "failures": 0,
    "start": "2021-12-16T02:16:51.355Z",
    "end": "2021-12-16T02:16:51.361Z",
    "duration": 6,
    "testsRegistered": 8,
    "passPercent": 100,
    "pendingPercent": 0,
    "other": 0,
    "hasOther": false,
    "skipped": 0,
    "hasSkipped": false
  },
  "results": [
    {
      "uuid": "ff315627-3008-46c5-8023-c382b53d771c",
      "title": "",
      "fullFile": "",
      "file": "",
      "beforeHooks": [],
      "afterHooks": [],
      "tests": [],
      "suites": [
        {
          "uuid": "ba6e981c-de2e-4382-9fc9-2fa83d8bf940",
          "title": "输入的时间和预算",
          "fullFile": "/Users/dqh/Desktop/未命名文件夹/test/test.js",
          "file": "/test.js",
          "beforeHooks": [],
          "afterHooks": [],
          "tests": [
            {
              "title": "时间和预算合理",
              "fullTitle": "输入的时间和预算 时间和预算合理",
              "timedOut": false,
              "duration": 1,
              "state": "passed",
              "speed": "fast",
              "pass": true,
              "fail": false,
              "pending": false,
              "context": null,
              "code": "expect(check(3000,10)).to.be.equal(1);",
              "err": {},
              "uuid": "ac890d6f-afa1-4280-981d-4224c8c87066",
              "parentUUID": "ba6e981c-de2e-4382-9fc9-2fa83d8bf940",
              "isHook": false,
              "skipped": false
            },
            {
              "title": "时间和预算合理",
              "fullTitle": "输入的时间和预算 时间和预算合理",
              "timedOut": false,
              "duration": 0,
              "state": "passed",
              "speed": "fast",
              "pass": true,
              "fail": false,
              "pending": false,
              "context": null,
              "code": "expect(check(1000,4)).to.be.equal(1);",
              "err": {},
              "uuid": "1d19030a-4f16-4595-b741-7558d5401f76",
              "parentUUID": "ba6e981c-de2e-4382-9fc9-2fa83d8bf940",
              "isHook": false,
              "skipped": false
            },
            {
              "title": "时间和预算合理",
              "fullTitle": "输入的时间和预算 时间和预算合理",
              "timedOut": false,
              "duration": 0,
              "state": "passed",
              "speed": "fast",
              "pass": true,
              "fail": false,
              "pending": false,
              "context": null,
              "code": "expect(check(2000,5)).to.be.equal(1);",
              "err": {},
              "uuid": "3313d4cd-df57-43a9-8132-acf114a37f7f",
              "parentUUID": "ba6e981c-de2e-4382-9fc9-2fa83d8bf940",
              "isHook": false,
              "skipped": false
            },
            {
              "title": "时间和预算合理",
              "fullTitle": "输入的时间和预算 时间和预算合理",
              "timedOut": false,
              "duration": 0,
              "state": "passed",
              "speed": "fast",
              "pass": true,
              "fail": false,
              "pending": false,
              "context": null,
              "code": "expect(check(30000,10)).to.be.equal(1);",
              "err": {},
              "uuid": "968c4eac-e098-47fb-8d6d-b195ace70bd2",
              "parentUUID": "ba6e981c-de2e-4382-9fc9-2fa83d8bf940",
              "isHook": false,
              "skipped": false
            },
            {
              "title": "时间过长",
              "fullTitle": "输入的时间和预算 时间过长",
              "timedOut": false,
              "duration": 0,
              "state": "passed",
              "speed": "fast",
              "pass": true,
              "fail": false,
              "pending": false,
              "context": null,
              "code": "expect(check(30000,100)).to.be.equal(-1);",
              "err": {},
              "uuid": "0e020083-8630-4816-a78d-18a8c98870d6",
              "parentUUID": "ba6e981c-de2e-4382-9fc9-2fa83d8bf940",
              "isHook": false,
              "skipped": false
            },
            {
              "title": "时间<=0",
              "fullTitle": "输入的时间和预算 时间<=0",
              "timedOut": false,
              "duration": 1,
              "state": "passed",
              "speed": "fast",
              "pass": true,
              "fail": false,
              "pending": false,
              "context": null,
              "code": "expect(check(30000,-1)).to.be.equal(-1);",
              "err": {},
              "uuid": "2fe0b477-41fd-488b-887b-4fea55a00e46",
              "parentUUID": "ba6e981c-de2e-4382-9fc9-2fa83d8bf940",
              "isHook": false,
              "skipped": false
            },
            {
              "title": "预算太大",
              "fullTitle": "输入的时间和预算 预算太大",
              "timedOut": false,
              "duration": 0,
              "state": "passed",
              "speed": "fast",
              "pass": true,
              "fail": false,
              "pending": false,
              "context": null,
              "code": "expect(check(3000000,10)).to.be.equal(-1);",
              "err": {},
              "uuid": "4a204baf-1016-4e87-98f7-f525265574d2",
              "parentUUID": "ba6e981c-de2e-4382-9fc9-2fa83d8bf940",
              "isHook": false,
              "skipped": false
            },
            {
              "title": "预算太小",
              "fullTitle": "输入的时间和预算 预算太小",
              "timedOut": false,
              "duration": 0,
              "state": "passed",
              "speed": "fast",
              "pass": true,
              "fail": false,
              "pending": false,
              "context": null,
              "code": "expect(check(30,10)).to.be.equal(-1);",
              "err": {},
              "uuid": "79431a53-6ef0-4eaa-86a9-5479095b5654",
              "parentUUID": "ba6e981c-de2e-4382-9fc9-2fa83d8bf940",
              "isHook": false,
              "skipped": false
            }
          ],
          "suites": [],
          "passes": [
            "ac890d6f-afa1-4280-981d-4224c8c87066",
            "1d19030a-4f16-4595-b741-7558d5401f76",
            "3313d4cd-df57-43a9-8132-acf114a37f7f",
            "968c4eac-e098-47fb-8d6d-b195ace70bd2",
            "0e020083-8630-4816-a78d-18a8c98870d6",
            "2fe0b477-41fd-488b-887b-4fea55a00e46",
            "4a204baf-1016-4e87-98f7-f525265574d2",
            "79431a53-6ef0-4eaa-86a9-5479095b5654"
          ],
          "failures": [],
          "pending": [],
          "skipped": [],
          "duration": 2,
          "root": false,
          "rootEmpty": false,
          "_timeout": 2000
        }
      ],
      "passes": [],
      "failures": [],
      "pending": [],
      "skipped": [],
      "duration": 0,
      "root": true,
      "rootEmpty": true,
      "_timeout": 2000
    }
  ],
  "meta": {
    "mocha": {
      "version": "9.1.3"
    },
    "mochawesome": {
      "options": {
        "quiet": false,
        "reportFilename": "mochawesome",
        "saveHtml": true,
        "saveJson": true,
        "consoleReporter": "spec",
        "useInlineDiffs": false,
        "code": true
      },
      "version": "7.0.1"
    },
    "marge": {
      "options": null,
      "version": "6.0.1"
    }
  }
}